#
# There is insufficient memory for the Java Runtime Environment to continue.
# Native memory allocation (malloc) failed to allocate 2105616 bytes for Chunk::new
# Possible reasons:
#   The system is out of physical RAM or swap space
#   The process is running with CompressedOops enabled, and the Java Heap may be blocking the growth of the native heap
# Possible solutions:
#   Reduce memory load on the system
#   Increase physical memory or swap space
#   Check if swap backing store is full
#   Decrease Java heap size (-Xmx/-Xms)
#   Decrease number of Java threads
#   Decrease Java thread stack sizes (-Xss)
#   Set larger code cache with -XX:ReservedCodeCacheSize=
#   JVM is running with Unscaled Compressed Oops mode in which the Java heap is
#     placed in the first 4GB address space. The Java Heap base address is the
#     maximum limit for the native heap growth. Please use -XX:HeapBaseMinAddress
#     to set the Java Heap base and to place the Java Heap above 4GB virtual address.
# This output file may be truncated or incomplete.
#
#  Out of Memory Error (./src/hotspot/share/memory/arena.cpp:197), pid=113288, tid=105088
#
# JRE version: OpenJDK Runtime Environment (11.0.13) (build 11.0.13+0-b1751.21-8125866)
# Java VM: OpenJDK 64-Bit Server VM (11.0.13+0-b1751.21-8125866, mixed mode, tiered, compressed oops, g1 gc, windows-amd64)
# No core dump will be written. Minidumps are not enabled by default on client versions of Windows
#

---------------  S U M M A R Y ------------

Command Line: org.jetbrains.kotlin.cli.jvm.K2JVMCompiler @D:\kuliah\SEM 5\Praktikum PBP\tubesLibrary\app\build\20221127_7047852051317367623.compiler.options

Host: AMD Ryzen 3 5300U with Radeon Graphics         , 8 cores, 5G,  Windows 10 , 64 bit Build 19041 (10.0.19041.2251)
Time: Sun Nov 27 13:43:23 2022 SE Asia Standard Time elapsed time: 3.918043 seconds (0d 0h 0m 3s)

---------------  T H R E A D  ---------------

Current thread (0x00000171b9a67800):  JavaThread "C2 CompilerThread0" daemon [_thread_in_native, id=105088, stack(0x000000709ff00000,0x00000070a0000000)]


Current CompileTask:
C2:   3918 1940   !   4       jdk.internal.loader.BuiltinClassLoader::loadClassOrNull (143 bytes)

Stack: [0x000000709ff00000,0x00000070a0000000]
Native frames: (J=compiled Java code, j=interpreted, Vv=VM code, C=native code)
V  [jvm.dll+0x6100fa]
V  [jvm.dll+0x747090]
V  [jvm.dll+0x7486ad]
V  [jvm.dll+0x748d83]
V  [jvm.dll+0x24ab48]
V  [jvm.dll+0xc04dc]
V  [jvm.dll+0xc0a0c]
V  [jvm.dll+0x35eb5b]
V  [jvm.dll+0x32b833]
V  [jvm.dll+0x32ad2a]
V  [jvm.dll+0x2032b2]
V  [jvm.dll+0x202437]
V  [jvm.dll+0x188e01]
V  [jvm.dll+0x21106b]
V  [jvm.dll+0x20f8c1]
V  [jvm.dll+0x70de0f]
V  [jvm.dll+0x706a75]
V  [jvm.dll+0x60ed66]
C  [ucrtbase.dll+0x21bb2]
C  [KERNEL32.DLL+0x174b4]
C  [ntdll.dll+0x526a1]


---------------  P R O C E S S  ---------------

Threads class SMR info:
_java_thread_list=0x00000171ba513440, length=10, elements={
0x00000171a02c9800, 0x00000171b9a3c000, 0x00000171b9a46000, 0x00000171b9a5d800,
0x00000171b9a5f000, 0x00000171b9a60800, 0x00000171b9a67800, 0x00000171b9a6d800,
0x00000171b9a85800, 0x00000171ba519800
}

Java Threads: ( => current thread )
  0x00000171a02c9800 JavaThread "main" [_thread_in_vm, id=111228, stack(0x000000709f300000,0x000000709f400000)]
  0x00000171b9a3c000 JavaThread "Reference Handler" daemon [_thread_blocked, id=100160, stack(0x000000709fa00000,0x000000709fb00000)]
  0x00000171b9a46000 JavaThread "Finalizer" daemon [_thread_blocked, id=106648, stack(0x000000709fb00000,0x000000709fc00000)]
  0x00000171b9a5d800 JavaThread "Signal Dispatcher" daemon [_thread_blocked, id=83560, stack(0x000000709fc00000,0x000000709fd00000)]
  0x00000171b9a5f000 JavaThread "Attach Listener" daemon [_thread_blocked, id=90500, stack(0x000000709fd00000,0x000000709fe00000)]
  0x00000171b9a60800 JavaThread "Service Thread" daemon [_thread_blocked, id=73452, stack(0x000000709fe00000,0x000000709ff00000)]
=>0x00000171b9a67800 JavaThread "C2 CompilerThread0" daemon [_thread_in_native, id=105088, stack(0x000000709ff00000,0x00000070a0000000)]
  0x00000171b9a6d800 JavaThread "C1 CompilerThread0" daemon [_thread_blocked, id=100412, stack(0x00000070a0000000,0x00000070a0100000)]
  0x00000171b9a85800 JavaThread "Sweeper thread" daemon [_thread_blocked, id=114464, stack(0x00000070a0100000,0x00000070a0200000)]
  0x00000171ba519800 JavaThread "Common-Cleaner" daemon [_thread_blocked, id=110608, stack(0x00000070a0300000,0x00000070a0400000)]

Other Threads:
  0x00000171b9a18800 VMThread "VM Thread" [stack: 0x000000709f900000,0x000000709fa00000] [id=108048]
  0x00000171ba50d000 WatcherThread [stack: 0x00000070a0200000,0x00000070a0300000] [id=116080]
  0x00000171a02e1800 GCTaskThread "GC Thread#0" [stack: 0x000000709f400000,0x000000709f500000] [id=82456]
  0x00000171bad36000 GCTaskThread "GC Thread#1" [stack: 0x00000070a0400000,0x00000070a0500000] [id=101728]
  0x00000171a0306800 ConcurrentGCThread "G1 Main Marker" [stack: 0x000000709f500000,0x000000709f600000] [id=112716]
  0x00000171a0308000 ConcurrentGCThread "G1 Conc#0" [stack: 0x000000709f600000,0x000000709f700000] [id=111568]
  0x00000171baf5b800 ConcurrentGCThread "G1 Conc#1" [stack: 0x00000070a0500000,0x00000070a0600000] [id=114680]
  0x00000171a038d000 ConcurrentGCThread "G1 Refine#0" [stack: 0x000000709f700000,0x000000709f800000] [id=115300]
  0x00000171a038e000 ConcurrentGCThread "G1 Young RemSet Sampling" [stack: 0x000000709f800000,0x000000709f900000] [id=114900]

Threads with active compile tasks:
C2 CompilerThread0   3988 1940   !   4       jdk.internal.loader.BuiltinClassLoader::loadClassOrNull (143 bytes)

VM state:not at safepoint (normal execution)

VM Mutex/Monitor currently owned by a thread:  ([mutex/lock_event])
[0x00000171a02c56b0] SystemDictionary_lock - owner thread: 0x00000171a02c9800

Heap address: 0x00000000a2200000, size: 1502 MB, Compressed Oops mode: 32-bit
Narrow klass base: 0x0000000000000000, Narrow klass shift: 3
Compressed class space size: 1073741824 Address: 0x0000000100000000

Heap:
 garbage-first heap   total 96256K, used 32284K [0x00000000a2200000, 0x0000000100000000)
  region size 1024K, 27 young (27648K), 7 survivors (7168K)
 Metaspace       used 25835K, capacity 26226K, committed 26492K, reserved 1073152K
  class space    used 2784K, capacity 2942K, committed 2944K, reserved 1048576K
Heap Regions: E=young(eden), S=young(survivor), O=old, HS=humongous(starts), HC=humongous(continues), CS=collection set, F=free, A=archive, TAMS=top-at-mark-start (previous, next)
|   0|0x00000000a2200000, 0x00000000a2300000, 0x00000000a2300000|100%|HS|  |TAMS 0x00000000a2300000, 0x00000000a2200000| Complete 
|   1|0x00000000a2300000, 0x00000000a2400000, 0x00000000a2400000|100%|HC|  |TAMS 0x00000000a2400000, 0x00000000a2300000| Complete 
|   2|0x00000000a2400000, 0x00000000a2500000, 0x00000000a2500000|100%|HC|  |TAMS 0x00000000a2500000, 0x00000000a2400000| Complete 
|   3|0x00000000a2500000, 0x00000000a2500000, 0x00000000a2600000|  0%| F|  |TAMS 0x00000000a2500000, 0x00000000a2500000| Untracked 
|   4|0x00000000a2600000, 0x00000000a265c200, 0x00000000a2700000| 35%| O|  |TAMS 0x00000000a265c200, 0x00000000a2600000| Untracked 
|   5|0x00000000a2700000, 0x00000000a2800000, 0x00000000a2800000|100%|HS|  |TAMS 0x00000000a2700000, 0x00000000a2700000| Complete 
|   6|0x00000000a2800000, 0x00000000a2900000, 0x00000000a2900000|100%|HC|  |TAMS 0x00000000a2800000, 0x00000000a2800000| Complete 
|   7|0x00000000a2900000, 0x00000000a2a00000, 0x00000000a2a00000|100%|HC|  |TAMS 0x00000000a2900000, 0x00000000a2900000| Complete 
|   8|0x00000000a2a00000, 0x00000000a2a00000, 0x00000000a2b00000|  0%| F|  |TAMS 0x00000000a2a00000, 0x00000000a2a00000| Untracked 
|   9|0x00000000a2b00000, 0x00000000a2b00000, 0x00000000a2c00000|  0%| F|  |TAMS 0x00000000a2b00000, 0x00000000a2b00000| Untracked 
|  10|0x00000000a2c00000, 0x00000000a2c00000, 0x00000000a2d00000|  0%| F|  |TAMS 0x00000000a2c00000, 0x00000000a2c00000| Untracked 
|  11|0x00000000a2d00000, 0x00000000a2d00000, 0x00000000a2e00000|  0%| F|  |TAMS 0x00000000a2d00000, 0x00000000a2d00000| Untracked 
|  12|0x00000000a2e00000, 0x00000000a2e00000, 0x00000000a2f00000|  0%| F|  |TAMS 0x00000000a2e00000, 0x00000000a2e00000| Untracked 
|  13|0x00000000a2f00000, 0x00000000a2f00000, 0x00000000a3000000|  0%| F|  |TAMS 0x00000000a2f00000, 0x00000000a2f00000| Untracked 
|  14|0x00000000a3000000, 0x00000000a3000000, 0x00000000a3100000|  0%| F|  |TAMS 0x00000000a3000000, 0x00000000a3000000| Untracked 
|  15|0x00000000a3100000, 0x00000000a3100000, 0x00000000a3200000|  0%| F|  |TAMS 0x00000000a3100000, 0x00000000a3100000| Untracked 
|  16|0x00000000a3200000, 0x00000000a3200000, 0x00000000a3300000|  0%| F|  |TAMS 0x00000000a3200000, 0x00000000a3200000| Untracked 
|  17|0x00000000a3300000, 0x00000000a3300000, 0x00000000a3400000|  0%| F|  |TAMS 0x00000000a3300000, 0x00000000a3300000| Untracked 
|  18|0x00000000a3400000, 0x00000000a3400000, 0x00000000a3500000|  0%| F|  |TAMS 0x00000000a3400000, 0x00000000a3400000| Untracked 
|  19|0x00000000a3500000, 0x00000000a3500000, 0x00000000a3600000|  0%| F|  |TAMS 0x00000000a3500000, 0x00000000a3500000| Untracked 
|  20|0x00000000a3600000, 0x00000000a3600000, 0x00000000a3700000|  0%| F|  |TAMS 0x00000000a3600000, 0x00000000a3600000| Untracked 
|  21|0x00000000a3700000, 0x00000000a3700000, 0x00000000a3800000|  0%| F|  |TAMS 0x00000000a3700000, 0x00000000a3700000| Untracked 
|  22|0x00000000a3800000, 0x00000000a3800000, 0x00000000a3900000|  0%| F|  |TAMS 0x00000000a3800000, 0x00000000a3800000| Untracked 
|  23|0x00000000a3900000, 0x00000000a3900000, 0x00000000a3a00000|  0%| F|  |TAMS 0x00000000a3900000, 0x00000000a3900000| Untracked 
|  24|0x00000000a3a00000, 0x00000000a3a00000, 0x00000000a3b00000|  0%| F|  |TAMS 0x00000000a3a00000, 0x00000000a3a00000| Untracked 
|  25|0x00000000a3b00000, 0x00000000a3b00000, 0x00000000a3c00000|  0%| F|  |TAMS 0x00000000a3b00000, 0x00000000a3b00000| Untracked 
|  26|0x00000000a3c00000, 0x00000000a3c00000, 0x00000000a3d00000|  0%| F|  |TAMS 0x00000000a3c00000, 0x00000000a3c00000| Untracked 
|  27|0x00000000a3d00000, 0x00000000a3d00000, 0x00000000a3e00000|  0%| F|  |TAMS 0x00000000a3d00000, 0x00000000a3d00000| Untracked 
|  28|0x00000000a3e00000, 0x00000000a3e00000, 0x00000000a3f00000|  0%| F|  |TAMS 0x00000000a3e00000, 0x00000000a3e00000| Untracked 
|  29|0x00000000a3f00000, 0x00000000a3f00000, 0x00000000a4000000|  0%| F|  |TAMS 0x00000000a3f00000, 0x00000000a3f00000| Untracked 
|  30|0x00000000a4000000, 0x00000000a4000000, 0x00000000a4100000|  0%| F|  |TAMS 0x00000000a4000000, 0x00000000a4000000| Untracked 
|  31|0x00000000a4100000, 0x00000000a4100000, 0x00000000a4200000|  0%| F|  |TAMS 0x00000000a4100000, 0x00000000a4100000| Untracked 
|  32|0x00000000a4200000, 0x00000000a4200000, 0x00000000a4300000|  0%| F|  |TAMS 0x00000000a4200000, 0x00000000a4200000| Untracked 
|  33|0x00000000a4300000, 0x00000000a4300000, 0x00000000a4400000|  0%| F|  |TAMS 0x00000000a4300000, 0x00000000a4300000| Untracked 
|  34|0x00000000a4400000, 0x00000000a4400000, 0x00000000a4500000|  0%| F|  |TAMS 0x00000000a4400000, 0x00000000a4400000| Untracked 
|  35|0x00000000a4500000, 0x00000000a4500000, 0x00000000a4600000|  0%| F|  |TAMS 0x00000000a4500000, 0x00000000a4500000| Untracked 
|  36|0x00000000a4600000, 0x00000000a4600000, 0x00000000a4700000|  0%| F|  |TAMS 0x00000000a4600000, 0x00000000a4600000| Untracked 
|  37|0x00000000a4700000, 0x00000000a4700000, 0x00000000a4800000|  0%| F|  |TAMS 0x00000000a4700000, 0x00000000a4700000| Untracked 
|  38|0x00000000a4800000, 0x00000000a4800000, 0x00000000a4900000|  0%| F|  |TAMS 0x00000000a4800000, 0x00000000a4800000| Untracked 
|  39|0x00000000a4900000, 0x00000000a4900000, 0x00000000a4a00000|  0%| F|  |TAMS 0x00000000a4900000, 0x00000000a4900000| Untracked 
|  40|0x00000000a4a00000, 0x00000000a4a00000, 0x00000000a4b00000|  0%| F|  |TAMS 0x00000000a4a00000, 0x00000000a4a00000| Untracked 
|  41|0x00000000a4b00000, 0x00000000a4b00000, 0x00000000a4c00000|  0%| F|  |TAMS 0x00000000a4b00000, 0x00000000a4b00000| Untracked 
|  42|0x00000000a4c00000, 0x00000000a4c00000, 0x00000000a4d00000|  0%| F|  |TAMS 0x00000000a4c00000, 0x00000000a4c00000| Untracked 
|  43|0x00000000a4d00000, 0x00000000a4d00000, 0x00000000a4e00000|  0%| F|  |TAMS 0x00000000a4d00000, 0x00000000a4d00000| Untracked 
|  44|0x00000000a4e00000, 0x00000000a4e00000, 0x00000000a4f00000|  0%| F|  |TAMS 0x00000000a4e00000, 0x00000000a4e00000| Untracked 
|  45|0x00000000a4f00000, 0x00000000a4f00000, 0x00000000a5000000|  0%| F|  |TAMS 0x00000000a4f00000, 0x00000000a4f00000| Untracked 
|  46|0x00000000a5000000, 0x00000000a5000000, 0x00000000a5100000|  0%| F|  |TAMS 0x00000000a5000000, 0x00000000a5000000| Untracked 
|  47|0x00000000a5100000, 0x00000000a5100000, 0x00000000a5200000|  0%| F|  |TAMS 0x00000000a5100000, 0x00000000a5100000| Untracked 
|  48|0x00000000a5200000, 0x00000000a522af00, 0x00000000a5300000| 16%| S|CS|TAMS 0x00000000a5200000, 0x00000000a5200000| Complete 
|  49|0x00000000a5300000, 0x00000000a5400000, 0x00000000a5400000|100%| S|CS|TAMS 0x00000000a5300000, 0x00000000a5300000| Complete 
|  50|0x00000000a5400000, 0x00000000a5500000, 0x00000000a5500000|100%| S|CS|TAMS 0x00000000a5400000, 0x00000000a5400000| Complete 
|  51|0x00000000a5500000, 0x00000000a5600000, 0x00000000a5600000|100%| S|CS|TAMS 0x00000000a5500000, 0x00000000a5500000| Complete 
|  52|0x00000000a5600000, 0x00000000a5700000, 0x00000000a5700000|100%| S|CS|TAMS 0x00000000a5600000, 0x00000000a5600000| Complete 
|  53|0x00000000a5700000, 0x00000000a5800000, 0x00000000a5800000|100%| S|CS|TAMS 0x00000000a5700000, 0x00000000a5700000| Complete 
|  54|0x00000000a5800000, 0x00000000a5900000, 0x00000000a5900000|100%| S|CS|TAMS 0x00000000a5800000, 0x00000000a5800000| Complete 
|  55|0x00000000a5900000, 0x00000000a5900000, 0x00000000a5a00000|  0%| F|  |TAMS 0x00000000a5900000, 0x00000000a5900000| Untracked 
|  56|0x00000000a5a00000, 0x00000000a5a00000, 0x00000000a5b00000|  0%| F|  |TAMS 0x00000000a5a00000, 0x00000000a5a00000| Untracked 
|  57|0x00000000a5b00000, 0x00000000a5b00000, 0x00000000a5c00000|  0%| F|  |TAMS 0x00000000a5b00000, 0x00000000a5b00000| Untracked 
|  58|0x00000000a5c00000, 0x00000000a5c00000, 0x00000000a5d00000|  0%| F|  |TAMS 0x00000000a5c00000, 0x00000000a5c00000| Untracked 
|  59|0x00000000a5d00000, 0x00000000a5d00000, 0x00000000a5e00000|  0%| F|  |TAMS 0x00000000a5d00000, 0x00000000a5d00000| Untracked 
|  60|0x00000000a5e00000, 0x00000000a5e00000, 0x00000000a5f00000|  0%| F|  |TAMS 0x00000000a5e00000, 0x00000000a5e00000| Untracked 
|  61|0x00000000a5f00000, 0x00000000a5f00000, 0x00000000a6000000|  0%| F|  |TAMS 0x00000000a5f00000, 0x00000000a5f00000| Untracked 
|  62|0x00000000a6000000, 0x00000000a6000000, 0x00000000a6100000|  0%| F|  |TAMS 0x00000000a6000000, 0x00000000a6000000| Untracked 
|  63|0x00000000a6100000, 0x00000000a6100000, 0x00000000a6200000|  0%| F|  |TAMS 0x00000000a6100000, 0x00000000a6100000| Untracked 
|  64|0x00000000a6200000, 0x00000000a6200000, 0x00000000a6300000|  0%| F|  |TAMS 0x00000000a6200000, 0x00000000a6200000| Untracked 
|  65|0x00000000a6300000, 0x00000000a6300000, 0x00000000a6400000|  0%| F|  |TAMS 0x00000000a6300000, 0x00000000a6300000| Untracked 
|  66|0x00000000a6400000, 0x00000000a6400000, 0x00000000a6500000|  0%| F|  |TAMS 0x00000000a6400000, 0x00000000a6400000| Untracked 
|  67|0x00000000a6500000, 0x00000000a6500000, 0x00000000a6600000|  0%| F|  |TAMS 0x00000000a6500000, 0x00000000a6500000| Untracked 
|  68|0x00000000a6600000, 0x00000000a6600000, 0x00000000a6700000|  0%| F|  |TAMS 0x00000000a6600000, 0x00000000a6600000| Untracked 
|  69|0x00000000a6700000, 0x00000000a6700000, 0x00000000a6800000|  0%| F|  |TAMS 0x00000000a6700000, 0x00000000a6700000| Untracked 
|  70|0x00000000a6800000, 0x00000000a6800000, 0x00000000a6900000|  0%| F|  |TAMS 0x00000000a6800000, 0x00000000a6800000| Untracked 
|  71|0x00000000a6900000, 0x00000000a6900000, 0x00000000a6a00000|  0%| F|  |TAMS 0x00000000a6900000, 0x00000000a6900000| Untracked 
|  72|0x00000000a6a00000, 0x00000000a6a00000, 0x00000000a6b00000|  0%| F|  |TAMS 0x00000000a6a00000, 0x00000000a6a00000| Untracked 
|  73|0x00000000a6b00000, 0x00000000a6b00000, 0x00000000a6c00000|  0%| F|  |TAMS 0x00000000a6b00000, 0x00000000a6b00000| Untracked 
|  74|0x00000000a6c00000, 0x00000000a6d00000, 0x00000000a6d00000|100%| E|  |TAMS 0x00000000a6c00000, 0x00000000a6c00000| Complete 
|  75|0x00000000a6d00000, 0x00000000a6e00000, 0x00000000a6e00000|100%| E|CS|TAMS 0x00000000a6d00000, 0x00000000a6d00000| Complete 
|  76|0x00000000a6e00000, 0x00000000a6f00000, 0x00000000a6f00000|100%| E|CS|TAMS 0x00000000a6e00000, 0x00000000a6e00000| Complete 
|  77|0x00000000a6f00000, 0x00000000a7000000, 0x00000000a7000000|100%| E|CS|TAMS 0x00000000a6f00000, 0x00000000a6f00000| Complete 
|  78|0x00000000a7000000, 0x00000000a7100000, 0x00000000a7100000|100%| E|CS|TAMS 0x00000000a7000000, 0x00000000a7000000| Complete 
|  79|0x00000000a7100000, 0x00000000a7200000, 0x00000000a7200000|100%| E|CS|TAMS 0x00000000a7100000, 0x00000000a7100000| Complete 
|  80|0x00000000a7200000, 0x00000000a7300000, 0x00000000a7300000|100%| E|CS|TAMS 0x00000000a7200000, 0x00000000a7200000| Complete 
|  81|0x00000000a7300000, 0x00000000a7400000, 0x00000000a7400000|100%| E|CS|TAMS 0x00000000a7300000, 0x00000000a7300000| Complete 
|  82|0x00000000a7400000, 0x00000000a7500000, 0x00000000a7500000|100%| E|CS|TAMS 0x00000000a7400000, 0x00000000a7400000| Complete 
|  83|0x00000000a7500000, 0x00000000a7600000, 0x00000000a7600000|100%| E|CS|TAMS 0x00000000a7500000, 0x00000000a7500000| Complete 
|  84|0x00000000a7600000, 0x00000000a7700000, 0x00000000a7700000|100%| E|CS|TAMS 0x00000000a7600000, 0x00000000a7600000| Complete 
|  85|0x00000000a7700000, 0x00000000a7800000, 0x00000000a7800000|100%| E|CS|TAMS 0x00000000a7700000, 0x00000000a7700000| Complete 
|  86|0x00000000a7800000, 0x00000000a7900000, 0x00000000a7900000|100%| E|CS|TAMS 0x00000000a7800000, 0x00000000a7800000| Complete 
|  87|0x00000000a7900000, 0x00000000a7a00000, 0x00000000a7a00000|100%| E|CS|TAMS 0x00000000a7900000, 0x00000000a7900000| Complete 
|  88|0x00000000a7a00000, 0x00000000a7b00000, 0x00000000a7b00000|100%| E|CS|TAMS 0x00000000a7a00000, 0x00000000a7a00000| Complete 
|  89|0x00000000a7b00000, 0x00000000a7c00000, 0x00000000a7c00000|100%| E|CS|TAMS 0x00000000a7b00000, 0x00000000a7b00000| Complete 
|  90|0x00000000a7c00000, 0x00000000a7d00000, 0x00000000a7d00000|100%| E|CS|TAMS 0x00000000a7c00000, 0x00000000a7c00000| Complete 
|  91|0x00000000a7d00000, 0x00000000a7e00000, 0x00000000a7e00000|100%| E|CS|TAMS 0x00000000a7d00000, 0x00000000a7d00000| Complete 
|  92|0x00000000a7e00000, 0x00000000a7f00000, 0x00000000a7f00000|100%| E|CS|TAMS 0x00000000a7e00000, 0x00000000a7e00000| Complete 
|  93|0x00000000a7f00000, 0x00000000a8000000, 0x00000000a8000000|100%| E|CS|TAMS 0x00000000a7f00000, 0x00000000a7f00000| Complete 

Card table byte_map: [0x00000171b3b40000,0x00000171b3e30000] _byte_map_base: 0x00000171b362f000

Marking Bits (Prev, Next): (CMBitMap*) 0x00000171a02ffeb0, (CMBitMap*) 0x00000171a02ffe78
 Prev Bits: [0x00000171b58a0000, 0x00000171b7018000)
 Next Bits: [0x00000171b4120000, 0x00000171b5898000)

Polling page: 0x000001719ea20000

Metaspace:

Usage:
  Non-class:     22.74 MB capacity,    22.51 MB (>99%) used,   197.29 KB ( <1%) free+waste,    34.56 KB ( <1%) overhead. 
      Class:      2.87 MB capacity,     2.72 MB ( 95%) used,   142.35 KB (  5%) free+waste,    15.56 KB ( <1%) overhead. 
       Both:     25.61 MB capacity,    25.23 MB ( 99%) used,   339.64 KB (  1%) free+waste,    50.13 KB ( <1%) overhead. 

Virtual space:
  Non-class space:       24.00 MB reserved,      23.00 MB ( 96%) committed 
      Class space:        1.00 GB reserved,       2.88 MB ( <1%) committed 
             Both:        1.02 GB reserved,      25.87 MB (  2%) committed 

Chunk freelists:
   Non-Class:  72.00 KB
       Class:  2.00 KB
        Both:  74.00 KB

MaxMetaspaceSize: 17179869184.00 GB
CompressedClassSpaceSize: 1.00 GB
Initial GC threshold: 20.80 MB
Current GC threshold: 35.20 MB
CDS: off

CodeHeap 'non-profiled nmethods': size=120000Kb used=628Kb max_used=628Kb free=119371Kb
 bounds [0x00000171ab8c0000, 0x00000171abb30000, 0x00000171b2df0000]
CodeHeap 'profiled nmethods': size=120000Kb used=4304Kb max_used=4304Kb free=115695Kb
 bounds [0x00000171a4390000, 0x00000171a47d0000, 0x00000171ab8c0000]
CodeHeap 'non-nmethods': size=5760Kb used=1227Kb max_used=1227Kb free=4532Kb
 bounds [0x00000171a3df0000, 0x00000171a4060000, 0x00000171a4390000]
 total_blobs=2554 nmethods=2052 adapters=414
 compilation: enabled
              stopped_count=0, restarted_count=0
 full_count=0

Compilation events (20 events):
Event: 3.848 Thread 0x00000171b9a6d800 2032       3       jdk.nio.zipfs.ZipConstants::pkSigAt (60 bytes)
Event: 3.848 Thread 0x00000171b9a6d800 nmethod 2032 0x00000171a47ba790 code [0x00000171a47ba960, 0x00000171a47bac38]
Event: 3.848 Thread 0x00000171b9a6d800 2033       3       jdk.nio.zipfs.ZipFileSystem$IndexNode::name (14 bytes)
Event: 3.848 Thread 0x00000171b9a6d800 nmethod 2033 0x00000171a47bad90 code [0x00000171a47baf40, 0x00000171a47bb0c8]
Event: 3.848 Thread 0x00000171b9a6d800 2034       3       jdk.nio.zipfs.ZipCoder::isUTF8 (16 bytes)
Event: 3.848 Thread 0x00000171b9a6d800 nmethod 2034 0x00000171a47bb190 code [0x00000171a47bb340, 0x00000171a47bb4b8]
Event: 3.848 Thread 0x00000171b9a6d800 2035       3       jdk.nio.zipfs.ZipConstants::cenSigAt (8 bytes)
Event: 3.848 Thread 0x00000171b9a6d800 nmethod 2035 0x00000171a47bb590 code [0x00000171a47bb740, 0x00000171a47bb868]
Event: 3.848 Thread 0x00000171b9a6d800 2036       3       jdk.nio.zipfs.ZipConstants::CENHOW (9 bytes)
Event: 3.848 Thread 0x00000171b9a6d800 nmethod 2036 0x00000171a47bb910 code [0x00000171a47bbae0, 0x00000171a47bbd38]
Event: 3.848 Thread 0x00000171b9a6d800 2039       3       jdk.nio.zipfs.ZipConstants::CENCOM (9 bytes)
Event: 3.848 Thread 0x00000171b9a6d800 nmethod 2039 0x00000171a47bbe90 code [0x00000171a47bc060, 0x00000171a47bc2b8]
Event: 3.848 Thread 0x00000171b9a6d800 2040       3       jdk.nio.zipfs.ZipConstants::CENFLG (9 bytes)
Event: 3.848 Thread 0x00000171b9a6d800 nmethod 2040 0x00000171a47bc410 code [0x00000171a47bc5e0, 0x00000171a47bc838]
Event: 3.848 Thread 0x00000171b9a6d800 2037       3       jdk.nio.zipfs.ZipConstants::CENNAM (9 bytes)
Event: 3.849 Thread 0x00000171b9a6d800 nmethod 2037 0x00000171a47bc990 code [0x00000171a47bcb60, 0x00000171a47bcdb8]
Event: 3.849 Thread 0x00000171b9a6d800 2038       3       jdk.nio.zipfs.ZipConstants::CENEXT (9 bytes)
Event: 3.849 Thread 0x00000171b9a6d800 nmethod 2038 0x00000171a47bcf10 code [0x00000171a47bd0e0, 0x00000171a47bd338]
Event: 3.849 Thread 0x00000171b9a6d800 2041       3       jdk.nio.zipfs.ZipFileSystem$IndexNode::<init> (113 bytes)
Event: 3.849 Thread 0x00000171b9a6d800 nmethod 2041 0x00000171a47bd490 code [0x00000171a47bd6a0, 0x00000171a47bdcd8]

GC Heap History (4 events):
Event: 1.310 GC heap before
{Heap before GC invocations=0 (full 0):
 garbage-first heap   total 96256K, used 27648K [0x00000000a2200000, 0x0000000100000000)
  region size 1024K, 24 young (24576K), 0 survivors (0K)
 Metaspace       used 12410K, capacity 12468K, committed 12672K, reserved 1060864K
  class space    used 1121K, capacity 1151K, committed 1152K, reserved 1048576K
}
Event: 1.318 GC heap after
{Heap after GC invocations=1 (full 0):
 garbage-first heap   total 96256K, used 6512K [0x00000000a2200000, 0x0000000100000000)
  region size 1024K, 3 young (3072K), 3 survivors (3072K)
 Metaspace       used 12410K, capacity 12468K, committed 12672K, reserved 1060864K
  class space    used 1121K, capacity 1151K, committed 1152K, reserved 1048576K
}
Event: 3.100 GC heap before
{Heap before GC invocations=1 (full 0):
 garbage-first heap   total 96256K, used 42352K [0x00000000a2200000, 0x0000000100000000)
  region size 1024K, 39 young (39936K), 3 survivors (3072K)
 Metaspace       used 20790K, capacity 21068K, committed 21248K, reserved 1069056K
  class space    used 2179K, capacity 2282K, committed 2304K, reserved 1048576K
}
Event: 3.117 GC heap after
{Heap after GC invocations=2 (full 0):
 garbage-first heap   total 96256K, used 9756K [0x00000000a2200000, 0x0000000100000000)
  region size 1024K, 7 young (7168K), 7 survivors (7168K)
 Metaspace       used 20790K, capacity 21068K, committed 21248K, reserved 1069056K
  class space    used 2179K, capacity 2282K, committed 2304K, reserved 1048576K
}

Deoptimization events (20 events):
Event: 1.888 Thread 0x00000171a02c9800 DEOPT PACKING pc=0x00000171ab8fb554 sp=0x000000709f3fdee0
Event: 1.888 Thread 0x00000171a02c9800 DEOPT UNPACKING pc=0x00000171a3e3a1af sp=0x000000709f3fdd00 mode 2
Event: 2.127 Thread 0x00000171a02c9800 Uncommon trap: trap_request=0xffffff4d fr.pc=0x00000171ab8e60ec relative=0x000000000000022c
Event: 2.127 Thread 0x00000171a02c9800 Uncommon trap: reason=unstable_if action=reinterpret pc=0x00000171ab8e60ec method=java.lang.String.startsWith(Ljava/lang/String;I)Z @ 14 c2
Event: 2.127 Thread 0x00000171a02c9800 DEOPT PACKING pc=0x00000171ab8e60ec sp=0x000000709f3fd020
Event: 2.127 Thread 0x00000171a02c9800 DEOPT UNPACKING pc=0x00000171a3e3a1af sp=0x000000709f3fcf88 mode 2
Event: 2.289 Thread 0x00000171a02c9800 DEOPT PACKING pc=0x00000171a467092c sp=0x000000709f3fe0c0
Event: 2.289 Thread 0x00000171a02c9800 DEOPT UNPACKING pc=0x00000171a3e3a95e sp=0x000000709f3fd6f8 mode 0
Event: 2.468 Thread 0x00000171a02c9800 Uncommon trap: trap_request=0xffffff4d fr.pc=0x00000171ab906a7c relative=0x00000000000000bc
Event: 2.468 Thread 0x00000171a02c9800 Uncommon trap: reason=unstable_if action=reinterpret pc=0x00000171ab906a7c method=java.lang.Integer.valueOf(I)Ljava/lang/Integer; @ 3 c2
Event: 2.468 Thread 0x00000171a02c9800 DEOPT PACKING pc=0x00000171ab906a7c sp=0x000000709f3fd220
Event: 2.468 Thread 0x00000171a02c9800 DEOPT UNPACKING pc=0x00000171a3e3a1af sp=0x000000709f3fd1b8 mode 2
Event: 3.737 Thread 0x00000171a02c9800 Uncommon trap: trap_request=0xffffff4d fr.pc=0x00000171ab8d99ec relative=0x00000000000003ac
Event: 3.737 Thread 0x00000171a02c9800 Uncommon trap: reason=unstable_if action=reinterpret pc=0x00000171ab8d99ec method=java.lang.StringLatin1.canEncode(I)Z @ 4 c2
Event: 3.737 Thread 0x00000171a02c9800 DEOPT PACKING pc=0x00000171ab8d99ec sp=0x000000709f3fe880
Event: 3.737 Thread 0x00000171a02c9800 DEOPT UNPACKING pc=0x00000171a3e3a1af sp=0x000000709f3fe7a8 mode 2
Event: 3.737 Thread 0x00000171a02c9800 Uncommon trap: trap_request=0xffffff4d fr.pc=0x00000171ab8db654 relative=0x0000000000000394
Event: 3.737 Thread 0x00000171a02c9800 Uncommon trap: reason=unstable_if action=reinterpret pc=0x00000171ab8db654 method=java.lang.AbstractStringBuilder.isLatin1()Z @ 10 c2
Event: 3.737 Thread 0x00000171a02c9800 DEOPT PACKING pc=0x00000171ab8db654 sp=0x000000709f3fe810
Event: 3.737 Thread 0x00000171a02c9800 DEOPT UNPACKING pc=0x00000171a3e3a1af sp=0x000000709f3fe7a0 mode 2

Classes redefined (0 events):
No events

Internal exceptions (17 events):
Event: 2.427 Thread 0x00000171a02c9800 Exception <a 'java/lang/NoSuchMethodError'{0x00000000a68d7f20}: 'int java.lang.invoke.DelegatingMethodHandle$Holder.reinvoke_L(java.lang.Object, java.lang.Object, java.lang.Object, long, int, int)'> (0x00000000a68d7f20) thrown at [./src/hotspot/share/interpreter/linkResolver.cpp, line 773]
Event: 2.430 Thread 0x00000171a02c9800 Exception <a 'java/lang/NoSuchMethodError'{0x00000000a68e58a8}: 'int java.lang.invoke.DelegatingMethodHandle$Holder.reinvoke_L(java.lang.Object, java.lang.Object, java.lang.Object, long, long, long)'> (0x00000000a68e58a8) thrown at [./src/hotspot/share/interpreter/linkResolver.cpp, line 773]
Event: 2.432 Thread 0x00000171a02c9800 Exception <a 'java/lang/NoSuchMethodError'{0x00000000a68f2a60}: 'int java.lang.invoke.DelegatingMethodHandle$Holder.reinvoke_L(java.lang.Object, java.lang.Object, java.lang.Object, long, java.lang.Object, java.lang.Object)'> (0x00000000a68f2a60) thrown at [./src/hotspot/share/interpreter/linkResolver.cpp, line 773]
Event: 2.434 Thread 0x00000171a02c9800 Exception <a 'java/lang/NoSuchMethodError'{0x00000000a6400118}: 'void java.lang.invoke.DelegatingMethodHandle$Holder.reinvoke_L(java.lang.Object, java.lang.Object, java.lang.Object, long, java.lang.Object)'> (0x00000000a6400118) thrown at [./src/hotspot/share/interpreter/linkResolver.cpp, line 773]
Event: 2.436 Thread 0x00000171a02c9800 Exception <a 'java/lang/NoSuchMethodError'{0x00000000a6409c18}: 'java.lang.Object java.lang.invoke.DirectMethodHandle$Holder.invokeSpecial(java.lang.Object, java.lang.Object, java.lang.Object, java.lang.Object, long)'> (0x00000000a6409c18) thrown at [./src/hotspot/share/interpreter/linkResolver.cpp, line 773]
Event: 2.437 Thread 0x00000171a02c9800 Exception <a 'java/lang/NoSuchMethodError'{0x00000000a640d170}: 'java.lang.Object java.lang.invoke.DelegatingMethodHandle$Holder.reinvoke_L(java.lang.Object, java.lang.Object, java.lang.Object, long)'> (0x00000000a640d170) thrown at [./src/hotspot/share/interpreter/linkResolver.cpp, line 773]
Event: 2.441 Thread 0x00000171a02c9800 Exception <a 'java/lang/NoSuchMethodError'{0x00000000a6427660}: 'long java.lang.invoke.Invokers$Holder.invoke_MT(java.lang.Object, java.lang.Object, java.lang.Object, java.lang.Object)'> (0x00000000a6427660) thrown at [./src/hotspot/share/interpreter/linkResolver.cpp, line 773]
Event: 2.442 Thread 0x00000171a02c9800 Exception <a 'java/lang/NoSuchMethodError'{0x00000000a642ace0}: 'long java.lang.invoke.DelegatingMethodHandle$Holder.reinvoke_L(java.lang.Object, java.lang.Object, java.lang.Object)'> (0x00000000a642ace0) thrown at [./src/hotspot/share/interpreter/linkResolver.cpp, line 773]
Event: 2.444 Thread 0x00000171a02c9800 Exception <a 'java/lang/NoSuchMethodError'{0x00000000a64349a0}: 'int java.lang.invoke.DirectMethodHandle$Holder.invokeSpecial(java.lang.Object, java.lang.Object, java.lang.Object, java.lang.Object)'> (0x00000000a64349a0) thrown at [./src/hotspot/share/interpreter/linkResolver.cpp, line 773]
Event: 2.448 Thread 0x00000171a02c9800 Exception <a 'java/lang/NoSuchMethodError'{0x00000000a6443780}: 'int java.lang.invoke.DelegatingMethodHandle$Holder.reinvoke_L(java.lang.Object, java.lang.Object, java.lang.Object, long, int)'> (0x00000000a6443780) thrown at [./src/hotspot/share/interpreter/linkResolver.cpp, line 773]
Event: 2.744 Thread 0x00000171a02c9800 Exception <a 'java/lang/NoSuchMethodError'{0x00000000a5f2d560}: 'int java.lang.invoke.DirectMethodHandle$Holder.invokeSpecialIFC(java.lang.Object, java.lang.Object, int)'> (0x00000000a5f2d560) thrown at [./src/hotspot/share/interpreter/linkResolver.cpp, line 773]
Event: 3.296 Thread 0x00000171a02c9800 Exception <a 'java/lang/NoSuchMethodError'{0x00000000a7b5ce48}: 'java.lang.Object java.lang.invoke.DirectMethodHandle$Holder.invokeStaticInit(java.lang.Object, int)'> (0x00000000a7b5ce48) thrown at [./src/hotspot/share/interpreter/linkResolver.cpp, line 773]
Event: 3.365 Thread 0x00000171a02c9800 Exception <a 'java/lang/NoSuchMethodError'{0x00000000a792a7d0}: 'long java.lang.invoke.DirectMethodHandle$Holder.invokeStatic(java.lang.Object)'> (0x00000000a792a7d0) thrown at [./src/hotspot/share/interpreter/linkResolver.cpp, line 773]
Event: 3.366 Thread 0x00000171a02c9800 Exception <a 'java/lang/NoSuchMethodError'{0x00000000a792d628}: 'long java.lang.invoke.DirectMethodHandle$Holder.invokeStaticInit(java.lang.Object)'> (0x00000000a792d628) thrown at [./src/hotspot/share/interpreter/linkResolver.cpp, line 773]
Event: 3.502 Thread 0x00000171a02c9800 Exception <a 'java/lang/NoSuchMethodError'{0x00000000a76d82e8}: 'int java.lang.invoke.DirectMethodHandle$Holder.invokeStaticInit(java.lang.Object, java.lang.Object, java.lang.Object)'> (0x00000000a76d82e8) thrown at [./src/hotspot/share/interpreter/linkResolver.cpp, line 773]
Event: 3.509 Thread 0x00000171a02c9800 Exception <a 'java/lang/NoSuchMethodError'{0x00000000a7503510}: 'int java.lang.invoke.DirectMethodHandle$Holder.invokeStaticInit(java.lang.Object, java.lang.Object)'> (0x00000000a7503510) thrown at [./src/hotspot/share/interpreter/linkResolver.cpp, line 773]
Event: 3.612 Thread 0x00000171a02c9800 Exception <a 'java/lang/NoSuchMethodError'{0x00000000a731b2a0}: 'void java.lang.invoke.DirectMethodHandle$Holder.invokeSpecial(java.lang.Object, java.lang.Object)'> (0x00000000a731b2a0) thrown at [./src/hotspot/share/interpreter/linkResolver.cpp, line 773]

Events (20 events):
Event: 3.813 loading class sun/nio/fs/WindowsSecurityDescriptor
Event: 3.814 loading class sun/nio/fs/WindowsSecurityDescriptor done
Event: 3.814 loading class sun/nio/fs/WindowsChannelFactory$2
Event: 3.814 loading class sun/nio/fs/WindowsChannelFactory$2 done
Event: 3.814 loading class java/nio/channels/spi/AbstractInterruptibleChannel$1
Event: 3.814 loading class sun/nio/ch/Interruptible
Event: 3.814 loading class sun/nio/ch/Interruptible done
Event: 3.814 loading class java/nio/channels/spi/AbstractInterruptibleChannel$1 done
Event: 3.815 loading class sun/nio/ch/NativeThread
Event: 3.815 loading class sun/nio/ch/NativeThread done
Event: 3.815 loading class sun/nio/ch/IOStatus
Event: 3.815 loading class sun/nio/ch/IOStatus done
Event: 3.815 loading class sun/nio/ch/Util
Event: 3.820 loading class sun/nio/ch/Util done
Event: 3.820 loading class sun/nio/ch/Util$1
Event: 3.829 loading class sun/nio/ch/Util$1 done
Event: 3.829 loading class sun/nio/ch/Util$BufferCache
Event: 3.829 loading class sun/nio/ch/Util$BufferCache done
Event: 3.830 loading class java/nio/DirectByteBuffer$Deallocator
Event: 3.830 loading class java/nio/DirectByteBuffer$Deallocator done


Dynamic libraries:
0x00007ff6b0130000 - 0x00007ff6b013a000 	C:\Program Files\Android\Android Studio\jre\bin\java.exe
0x00007ff8eb430000 - 0x00007ff8eb628000 	C:\Windows\SYSTEM32\ntdll.dll
0x00007ff8e9c70000 - 0x00007ff8e9d2f000 	C:\Windows\System32\KERNEL32.DLL
0x00007ff8e9090000 - 0x00007ff8e9362000 	C:\Windows\System32\KERNELBASE.dll
0x00007ff8e8c70000 - 0x00007ff8e8d70000 	C:\Windows\System32\ucrtbase.dll
0x00007ff8be990000 - 0x00007ff8be9a7000 	C:\Program Files\Android\Android Studio\jre\bin\VCRUNTIME140.dll
0x00007ff8be970000 - 0x00007ff8be989000 	C:\Program Files\Android\Android Studio\jre\bin\jli.dll
0x00007ff8e9820000 - 0x00007ff8e99bd000 	C:\Windows\System32\USER32.dll
0x00007ff8e8c40000 - 0x00007ff8e8c62000 	C:\Windows\System32\win32u.dll
0x00007ff8e99c0000 - 0x00007ff8e99eb000 	C:\Windows\System32\GDI32.dll
0x00007ff8e8f80000 - 0x00007ff8e908f000 	C:\Windows\System32\gdi32full.dll
0x00007ff8e93e0000 - 0x00007ff8e947d000 	C:\Windows\System32\msvcp_win.dll
0x00007ff8cdef0000 - 0x00007ff8ce18a000 	C:\Windows\WinSxS\amd64_microsoft.windows.common-controls_6595b64144ccf1df_6.0.19041.1110_none_60b5254171f9507e\COMCTL32.dll
0x00007ff8e9dc0000 - 0x00007ff8e9e5e000 	C:\Windows\System32\msvcrt.dll
0x00007ff8eae60000 - 0x00007ff8eae92000 	C:\Windows\System32\IMM32.DLL
0x00007ff8bab10000 - 0x00007ff8babad000 	C:\Program Files\Android\Android Studio\jre\bin\msvcp140.dll
0x00007ff893ae0000 - 0x00007ff8945e2000 	C:\Program Files\Android\Android Studio\jre\bin\server\jvm.dll
0x00007ff8e9480000 - 0x00007ff8e952e000 	C:\Windows\System32\ADVAPI32.dll
0x00007ff8e9670000 - 0x00007ff8e970c000 	C:\Windows\System32\sechost.dll
0x00007ff8e9530000 - 0x00007ff8e9655000 	C:\Windows\System32\RPCRT4.dll
0x00007ff8e9660000 - 0x00007ff8e9668000 	C:\Windows\System32\PSAPI.DLL
0x00007ff8ddf80000 - 0x00007ff8ddfa7000 	C:\Windows\SYSTEM32\WINMM.dll
0x00007ff8e3190000 - 0x00007ff8e3199000 	C:\Windows\SYSTEM32\WSOCK32.dll
0x00007ff8eaf70000 - 0x00007ff8eafdb000 	C:\Windows\System32\WS2_32.dll
0x00007ff8e0d40000 - 0x00007ff8e0d4a000 	C:\Windows\SYSTEM32\VERSION.dll
0x00007ff8e7380000 - 0x00007ff8e7392000 	C:\Windows\SYSTEM32\kernel.appcore.dll
0x00007ff8e2c60000 - 0x00007ff8e2c71000 	C:\Program Files\Android\Android Studio\jre\bin\verify.dll
0x00007ff8e6870000 - 0x00007ff8e6a54000 	C:\Windows\SYSTEM32\DBGHELP.DLL
0x00007ff8d6150000 - 0x00007ff8d617c000 	C:\Windows\SYSTEM32\dbgcore.DLL
0x00007ff8e8b30000 - 0x00007ff8e8bb2000 	C:\Windows\System32\bcryptPrimitives.dll
0x00007ff8e2c30000 - 0x00007ff8e2c59000 	C:\Program Files\Android\Android Studio\jre\bin\java.dll
0x00007ff8e4250000 - 0x00007ff8e425b000 	C:\Program Files\Android\Android Studio\jre\bin\jimage.dll
0x00007ff8db320000 - 0x00007ff8db338000 	C:\Program Files\Android\Android Studio\jre\bin\zip.dll
0x00007ff8e9e60000 - 0x00007ff8ea5a3000 	C:\Windows\System32\SHELL32.dll
0x00007ff8e6bd0000 - 0x00007ff8e7362000 	C:\Windows\SYSTEM32\windows.storage.dll
0x00007ff8eb090000 - 0x00007ff8eb3e4000 	C:\Windows\System32\combase.dll
0x00007ff8e84b0000 - 0x00007ff8e84e0000 	C:\Windows\SYSTEM32\Wldp.dll
0x00007ff8e9710000 - 0x00007ff8e97bd000 	C:\Windows\System32\SHCORE.dll
0x00007ff8e9d60000 - 0x00007ff8e9db5000 	C:\Windows\System32\shlwapi.dll
0x00007ff8e8a70000 - 0x00007ff8e8a8f000 	C:\Windows\SYSTEM32\profapi.dll
0x00007ff8db300000 - 0x00007ff8db31a000 	C:\Program Files\Android\Android Studio\jre\bin\net.dll
0x00007ff8d8800000 - 0x00007ff8d890c000 	C:\Windows\SYSTEM32\WINHTTP.dll
0x00007ff8e8210000 - 0x00007ff8e827a000 	C:\Windows\system32\mswsock.dll
0x00007ff8db2e0000 - 0x00007ff8db2f4000 	C:\Program Files\Android\Android Studio\jre\bin\nio.dll

dbghelp: loaded successfully - version: 4.0.5 - missing functions: none
symbol engine: initialized successfully - sym options: 0x614 - pdb path: .;C:\Program Files\Android\Android Studio\jre\bin;C:\Windows\SYSTEM32;C:\Windows\WinSxS\amd64_microsoft.windows.common-controls_6595b64144ccf1df_6.0.19041.1110_none_60b5254171f9507e;C:\Program Files\Android\Android Studio\jre\bin\server

VM Arguments:
java_command: org.jetbrains.kotlin.cli.jvm.K2JVMCompiler @D:\kuliah\SEM 5\Praktikum PBP\tubesLibrary\app\build\20221127_7047852051317367623.compiler.options
java_class_path (initial): C:\Users\LENOVO\.gradle\caches\modules-2\files-2.1\org.jetbrains.kotlin\kotlin-compiler-embeddable\1.7.10\909803167c98606fcf22b4c848647c68e351d48d\kotlin-compiler-embeddable-1.7.10.jar;C:\Users\LENOVO\.gradle\caches\modules-2\files-2.1\org.jetbrains.kotlin\kotlin-reflect\1.7.10\165e600dfea6185cf5efa700756294cc4904dbeb\kotlin-reflect-1.7.10.jar;C:\Users\LENOVO\.gradle\caches\modules-2\files-2.1\org.jetbrains.kotlin\kotlin-stdlib\1.7.10\d2abf9e77736acc4450dc4a3f707fa2c10f5099d\kotlin-stdlib-1.7.10.jar;C:\Users\LENOVO\.gradle\caches\modules-2\files-2.1\org.jetbrains.kotlin\kotlin-script-runtime\1.7.10\c99c87a6988d8fd8d5142e9ed5c9f34a7cf561ee\kotlin-script-runtime-1.7.10.jar;C:\Users\LENOVO\.gradle\caches\modules-2\files-2.1\org.jetbrains.kotlin\kotlin-daemon-embeddable\1.7.10\3a9f7aef7080d3ae63126cbba4f827ed664f32fa\kotlin-daemon-embeddable-1.7.10.jar;C:\Users\LENOVO\.gradle\caches\modules-2\files-2.1\org.jetbrains.intellij.deps\trove4j\1.0.20200330\3afb14d5f9ceb459d724e907a21145e8ff394f02\trove4j-1.0.20200330.jar;C:\Users\LENOVO\.gradle\caches\modules-2\files-2.1\net.java.dev.jna\jna\5.6.0\330f2244e9030119ab3030fc3fededc86713d9cc\jna-5.6.0.jar;C:\Users\LENOVO\.gradle\caches\modules-2\files-2.1\org.jetbrains.kotlin\kotlin-stdlib-common\1.7.10\bac80c520d0a9e3f3673bc2658c6ed02ef45a76a\kotlin-stdlib-common-1.7.10.jar;C:\Users\LENOVO\.gradle\caches\modules-2\files-2.1\org.jetbrains\annotations\13.0\919f0dfe192fb4e063e7dacadee7f8bb9a2672a9\annotations-13.0.jar
Launcher Type: SUN_STANDARD

[Global flags]
     intx CICompilerCount                          = 4                                         {product} {ergonomic}
     uint ConcGCThreads                            = 2                                         {product} {ergonomic}
     uint G1ConcRefinementThreads                  = 8                                         {product} {ergonomic}
   size_t G1HeapRegionSize                         = 1048576                                   {product} {ergonomic}
    uintx GCDrainStackTargetSize                   = 64                                        {product} {ergonomic}
   size_t InitialHeapSize                          = 98566144                                  {product} {ergonomic}
   size_t MarkStackSize                            = 4194304                                   {product} {ergonomic}
   size_t MaxHeapSize                              = 1574961152                                {product} {ergonomic}
   size_t MaxNewSize                               = 944766976                                 {product} {ergonomic}
   size_t MinHeapDeltaBytes                        = 1048576                                   {product} {ergonomic}
    uintx NonNMethodCodeHeapSize                   = 5836300                                {pd product} {ergonomic}
    uintx NonProfiledCodeHeapSize                  = 122910970                              {pd product} {ergonomic}
    uintx ProfiledCodeHeapSize                     = 122910970                              {pd product} {ergonomic}
    uintx ReservedCodeCacheSize                    = 251658240                              {pd product} {ergonomic}
     bool SegmentedCodeCache                       = true                                      {product} {ergonomic}
     bool UseCompressedClassPointers               = true                                 {lp64_product} {ergonomic}
     bool UseCompressedOops                        = true                                 {lp64_product} {ergonomic}
     bool UseG1GC                                  = true                                      {product} {ergonomic}
     bool UseLargePagesIndividualAllocation        = false                                  {pd product} {ergonomic}

Logging:
Log output configuration:
 #0: stdout all=warning uptime,level,tags
 #1: stderr all=off uptime,level,tags

Environment Variables:
PATH=C:\Program Files\Common Files\Oracle\Java\javapath;C:\Windows\system32;C:\Windows;C:\Windows\System32\Wbem;C:\Windows\System32\WindowsPowerShell\v1.0\;C:\Windows\System32\OpenSSH\;C:\Program Files\Java\jdk-11.0.16\bin;C:\Program Files\Git\cmd;D:\xampp\php;C:\Program Files\nodejs\;D:\kuliah\xampp\php;C:\ProgramData\ComposerSetup\bin;C:\Users\LENOVO\AppData\Local\Microsoft\WindowsApps;C:\Users\LENOVO\AppData\Local\Programs\Microsoft VS Code\bin;C:\Users\LENOVO\AppData\Roaming\npm;C:\Users\LENOVO\AppData\Roaming\Composer\vendor\bin
USERNAME=LENOVO
OS=Windows_NT
PROCESSOR_IDENTIFIER=AMD64 Family 23 Model 104 Stepping 1, AuthenticAMD



---------------  S Y S T E M  ---------------

OS: Windows 10 , 64 bit Build 19041 (10.0.19041.2251)
OS uptime: 16 days 0:48 hours

CPU:total 8 (initial active 8) (8 cores per cpu, 2 threads per core) family 23 model 104 stepping 1 microcode 0x0, cmov, cx8, fxsr, mmx, sse, sse2, sse3, ssse3, sse4.1, sse4.2, popcnt, avx, avx2, aes, clmul, mmxext, 3dnowpref, lzcnt, sse4a, ht, tsc, tscinvbit, tscinv, bmi1, bmi2, adx, sha, fma

Memory: 4k page, system-wide physical 6005M (81M free)
TotalPageFile size 24437M (AvailPageFile size 5M)
current process WorkingSet (physical memory assigned to process): 141M, peak: 141M
current process commit charge ("private bytes"): 221M, peak: 222M

vm_info: OpenJDK 64-Bit Server VM (11.0.13+0-b1751.21-8125866) for windows-amd64 JRE (11.0.13+0-b1751.21-8125866), built on Feb  2 2022 03:00:22 by "builder" with MS VC++ 14.0 (VS2015)

END.
